C51 COMPILER V9.54   BT                                                                    09/12/2020 11:24:29 PAGE 1   


C51 COMPILER V9.54, COMPILATION OF MODULE BT
OBJECT MODULE PLACED IN bt.obj
COMPILER INVOKED BY: D:\keil5\C51\BIN\C51.EXE hardware\usart\bt.c LARGE OPTIMIZE(8,SPEED) BROWSE INCDIR(.\hardware\motor
                    -;.\system\delay;.\hardware\temperature;.\hardware\lumination;.\hardware\usart;.\hardware\display_lcd12864;.\hardware\dis
                    -play_lcd1602;.\system\control;.\system\iic;.\system\timer;.\hardware\clock;.\hardware\csb) DEBUG OBJECTEXTEND PRINT(.\bt
                    -.lst) TABS(2) OBJECT(bt.obj)

line level    source

   1          #include "reg52.h"  
   2          #include "main.h"
   3          
   4          
   5          
   6          /*******************************************************************************
   7          * 函数名         :UartInit()
   8          * 函数功能       :设置串口
   9          * 输入           : 无
  10          * 输出           : 无
  11          *******************************************************************************/
  12          //void UartInit()
  13          //{
  14          //  SCON=0X50;      //设置为工作方式1
  15          //  TMOD=0X20;      //设置计数器工作方式2
  16          //  PCON=0X80;      //波特率加倍
  17          //  TH1=0XF3;       //计数器初始值设置，注意波特率是4800的
  18          //  TL1=0XF3;
  19          //  ES=1;           //打开接收中断
  20          //  EA=1;           //打开总中断
  21          //  TR1=1;          //打开计数器
  22          //}
  23          
  24          void UartInit(void)
  25          {
  26   1         TMOD = 0x20;  //9600
  27   1          SCON = 0x50;
  28   1          TH1 = 0xFD;
  29   1          TL1 = TH1;
  30   1          PCON = 0x00;
  31   1          EA = 1;
  32   1          ES = 1;
  33   1          TR1 = 1;
  34   1      }
  35          void uart_tx_byte(uchar str){
  36   1        SBUF=str;
  37   1        while(TI==0);
  38   1        //if(TI)  //如果是发送标志位，清零
  39   1           TI=0;
  40   1      }
  41          
  42          //void Uart() interrupt 4
  43          //{
  44          //  u8 receiveData;
  45          
  46          //  receiveData=SBUF;//出去接收到的数据
  47          //  RI = 0;//清除接收中断标志位
  48          //  SBUF=receiveData;//将接收到的数据放入到发送寄存器
  49          //  while(!TI);      //等待发送数据完成
  50          //  TI=0;            //清除发送完成标志位
  51          //}
  52          
C51 COMPILER V9.54   BT                                                                    09/12/2020 11:24:29 PAGE 2   

  53          //void UART_SER (void) interrupt 4 //串行中断服务程序
  54          //{
  55          //    unsigned char Temp;          //定义临时变量 
  56          //    unsigned char i;
  57          //    if(RI)                        //判断是接收中断产生
  58          //     {
  59          //     RI=0;                      //标志位清零
  60          //    Temp=SBUF;                 //读入缓冲区的值
  61          //    if(Temp=='m')
  62          //       {
  63          //         MODE=!MODE;
  64          //         SBUF=MODE;
  65          //       }
  66          //       
  67          //   if(Temp=='k')
  68          //       {
  69          //         Motor_Flag=1;
  70          //         SBUF=Temp;
  71          //       }
  72          //  if(Temp=='b')
  73          //       {
  74          //         Motor_Flag=2;
  75          //         SBUF=Temp;
  76          //       }
  77          //       
  78          //   if(Temp=='s')
  79          //       {
  80          //         ShowP=1;
  81          //         SBUF=Temp;
  82          //       }
  83          //       
  84          //    if(Temp=='t')
  85          //       {
  86          //         SetTime=1;
  87          //         SBUF=Temp; 
  88          //       }
  89          //       
  90          //     if(SetTime)
  91          //    {
  92          //    time_buf2[i]=Temp&0x0F;
  93          //    i++;
  94          //    if(i==16)                  //连续接收16个字符信息
  95          //     {
  96          //      i=0;
  97          //    SetFlag=1;               //接收完成标志位置1
  98          //    SetTime=0;
  99          //     }
 100          //      SBUF=Temp; //把接收到的值再发回电脑端
 101          //   }
 102          //   
 103          //   }
 104          //    //while(!TI);      //等待发送数据完成 
 105          //   if(TI)  //如果是发送标志位，清零
 106          //     TI=0;
 107          
 108          //}
 109          
 110          //void Usart() interrupt 4
 111          //{
 112          //   
 113          //        
 114          //unsigned char receiveData;
C51 COMPILER V9.54   BT                                                                    09/12/2020 11:24:29 PAGE 3   

 115          
 116          //receiveData=SBUF;//出去接收到的数据
 117          //  
 118          //  
 119          ////将这次中断的字符内容写入buf_string中  
 120          //buf_string[length]=SBUF;
 121          //length++;
 122          //  
 123          //  
 124          //RI = 0;//清除接收中断标志位
 125          //SBUF=receiveData;//将接收到的数据放入到发送寄存器
 126          //while(!TI);      //等待发送数据完成
 127          //TI=0;            //清除发送完成标志位
 128          //        
 129          //}


MODULE INFORMATION:   STATIC OVERLAYABLE
   CODE SIZE        =     30    ----
   CONSTANT SIZE    =   ----    ----
   XDATA SIZE       =   ----    ----
   PDATA SIZE       =   ----    ----
   DATA SIZE        =   ----    ----
   IDATA SIZE       =   ----    ----
   BIT SIZE         =   ----    ----
END OF MODULE INFORMATION.


C51 COMPILATION COMPLETE.  0 WARNING(S),  0 ERROR(S)
