C51 COMPILER V9.54   CSB                                                                   09/12/2020 11:33:58 PAGE 1   


C51 COMPILER V9.54, COMPILATION OF MODULE CSB
OBJECT MODULE PLACED IN csb.obj
COMPILER INVOKED BY: D:\keil5\C51\BIN\C51.EXE hardware\csb\csb.c LARGE OPTIMIZE(8,SPEED) BROWSE INCDIR(.\hardware\motor;
                    -.\system\delay;.\hardware\temperature;.\hardware\lumination;.\hardware\usart;.\hardware\display_lcd12864;.\hardware\disp
                    -lay_lcd1602;.\system\control;.\system\iic;.\system\timer;.\hardware\clock;.\hardware\csb) DEBUG OBJECTEXTEND PRINT(.\csb
                    -.lst) TABS(2) OBJECT(csb.obj)

line level    source

   1          //#include "csb.h"
   2          #include "main.h"
   3          
   4          sbit Trig = P2^6;
   5          sbit Echo = P2^7;  //需要改引脚定义
   6          
   7          
   8          unsigned int  time=0;
   9          unsigned long S=0;
  10          
  11          //void time0() interrupt 1     //T0中断用来计数器溢出,超过测距范围
  12          //  {
  13          //    flag=1;              //中断溢出标志
  14          //  }
  15            
  16            
  17           void  StartModule()             //启动模块
  18            {
  19   1          Trig=1;                          //启动一次模块
  20   1          _nop_(); 
  21   1          _nop_(); 
  22   1          _nop_(); 
  23   1          _nop_(); 
  24   1          _nop_(); 
  25   1          _nop_(); 
  26   1          _nop_(); 
  27   1          _nop_(); 
  28   1          _nop_(); 
  29   1          _nop_(); 
  30   1          _nop_(); 
  31   1          _nop_(); 
  32   1          _nop_(); 
  33   1          _nop_(); 
  34   1          _nop_(); 
  35   1          _nop_(); 
  36   1          _nop_();
  37   1          _nop_(); 
  38   1          _nop_(); 
  39   1          _nop_(); 
  40   1          _nop_();
  41   1          Trig=0;
  42   1        }
  43            
  44          // void delayms(unsigned int ms)
  45          //{
  46          //  unsigned char i=100,j;
  47          //  for(;ms;ms--)
  48          //  {
  49          //    while(--i)
  50          //    {
  51          //      j=10;
  52          //      while(--j);
C51 COMPILER V9.54   CSB                                                                   09/12/2020 11:33:58 PAGE 2   

  53          //    }
  54          //  }
  55          //}
  56          
  57          unsigned long getdistance(){
  58   1        StartModule();
  59   1             while(!Echo);    //当RX为零时等待
  60   1             TR0=1;         //开启计数
  61   1             while(Echo);     //当RX为1计数并等待
  62   1             TR0=0;       //关闭计数
  63   1             time=TH0*256+TL0;
  64   1             TH0=0;
  65   1             TL0=0;
  66   1             S=(time*1.7)/100;     //算出来是CM
  67   1            DelayMs(20);    //可以删除  为保持稳定而设置
  68   1        return S;
  69   1      }


MODULE INFORMATION:   STATIC OVERLAYABLE
   CODE SIZE        =    126    ----
   CONSTANT SIZE    =   ----    ----
   XDATA SIZE       =      6    ----
   PDATA SIZE       =   ----    ----
   DATA SIZE        =   ----    ----
   IDATA SIZE       =   ----    ----
   BIT SIZE         =   ----    ----
END OF MODULE INFORMATION.


C51 COMPILATION COMPLETE.  0 WARNING(S),  0 ERROR(S)
