C51 COMPILER V9.54   DS1302                                                                09/12/2020 11:24:27 PAGE 1   


C51 COMPILER V9.54, COMPILATION OF MODULE DS1302
OBJECT MODULE PLACED IN DS1302.obj
COMPILER INVOKED BY: D:\keil5\C51\BIN\C51.EXE hardware\clock\DS1302.c LARGE OPTIMIZE(8,SPEED) BROWSE INCDIR(.\hardware\m
                    -otor;.\system\delay;.\hardware\temperature;.\hardware\lumination;.\hardware\usart;.\hardware\display_lcd12864;.\hardware
                    -\display_lcd1602;.\system\control;.\system\iic;.\system\timer;.\hardware\clock;.\hardware\csb) DEBUG OBJECTEXTEND PRINT(
                    -.\DS1302.lst) TABS(2) OBJECT(DS1302.obj)

line level    source

   1          #include "main.h"
   2          //#include "ds1302.h"
   3          
   4          unsigned char time_buf1[8] = {20,20,9,8,12,55,0,6};//空年月日时分秒周
   5          unsigned char time_buf[8] ;                         //空年月日时分秒周
   6          
   7          /*使用串口（蓝牙）  进行时间初值的设定
   8          *
   9          if(SetFlag)     //如果接收到串口信息则更新时钟
  10            {
  11            for(i=0;i<8;i++)
  12              {
  13              time_buf1[i]=time_buf2[2*i]*10+time_buf2[2*i+1];
  14              }//数据整合，如2个数 1和5整合成15
  15              Ds1302_Write_Time();
  16              SetFlag=0;       //时钟信息更新后标志位清零
  17             }
  18          
  19          */
  20          
  21          
  22          /*------------------------------------------------
  23                     向DS1302写入一字节数据
  24          ------------------------------------------------*/
  25          void Ds1302_Write_Byte(unsigned char addr, unsigned char d)
  26          {
  27   1      
  28   1        unsigned char i;
  29   1        RST_SET;  
  30   1        
  31   1        //写入目标地址：addr
  32   1        addr = addr & 0xFE;     //最低位置零
  33   1        for (i = 0; i < 8; i ++) 
  34   1            { 
  35   2          if (addr & 0x01) 
  36   2              {
  37   3            IO_SET;
  38   3            }
  39   2          else 
  40   2              {
  41   3            IO_CLR;
  42   3            }
  43   2          SCK_SET;
  44   2          SCK_CLR;
  45   2          addr = addr >> 1;
  46   2          }
  47   1        
  48   1        //写入数据：d
  49   1        for (i = 0; i < 8; i ++) 
  50   1           {
  51   2          if (d & 0x01) 
  52   2              {
C51 COMPILER V9.54   DS1302                                                                09/12/2020 11:24:27 PAGE 2   

  53   3            IO_SET;
  54   3            }
  55   2          else 
  56   2              {
  57   3            IO_CLR;
  58   3            }
  59   2          SCK_SET;
  60   2          SCK_CLR;
  61   2          d = d >> 1;
  62   2          }
  63   1        RST_CLR;          //停止DS1302总线
  64   1      }
  65          /*------------------------------------------------
  66                     从DS1302读出一字节数据
  67          ------------------------------------------------*/
  68          
  69          unsigned char Ds1302_Read_Byte(unsigned char addr) 
  70          {
  71   1      
  72   1        unsigned char i;
  73   1        unsigned char temp;
  74   1        RST_SET;  
  75   1      
  76   1        //写入目标地址：addr
  77   1        addr = addr | 0x01;//最低位置高
  78   1        for (i = 0; i < 8; i ++) 
  79   1            {
  80   2             
  81   2          if (addr & 0x01) 
  82   2             {
  83   3            IO_SET;
  84   3            }
  85   2          else 
  86   2              {
  87   3            IO_CLR;
  88   3            }
  89   2          SCK_SET;
  90   2          SCK_CLR;
  91   2          addr = addr >> 1;
  92   2          }
  93   1        
  94   1        //输出数据：temp
  95   1        for (i = 0; i < 8; i ++) 
  96   1            {
  97   2          temp = temp >> 1;
  98   2          if (IO_R) 
  99   2             {
 100   3            temp |= 0x80;
 101   3            }
 102   2          else 
 103   2             {
 104   3            temp &= 0x7F;
 105   3            }
 106   2          SCK_SET;
 107   2          SCK_CLR;
 108   2          }
 109   1        
 110   1        RST_CLR;  //停止DS1302总线
 111   1        return temp;
 112   1      }
 113          
 114          /*------------------------------------------------
C51 COMPILER V9.54   DS1302                                                                09/12/2020 11:24:27 PAGE 3   

 115                     向DS1302写入时钟数据
 116          ------------------------------------------------*/
 117          void Ds1302_Write_Time(void) 
 118          {
 119   1           
 120   1          unsigned char i,tmp;
 121   1        for(i=0;i<8;i++)
 122   1            {                  //BCD处理
 123   2          tmp=time_buf1[i]/10;
 124   2          time_buf[i]=time_buf1[i]%10;
 125   2          time_buf[i]=time_buf[i]+tmp*16;
 126   2            }
 127   1        Ds1302_Write_Byte(ds1302_control_add,0x00);     //关闭写保护 
 128   1        Ds1302_Write_Byte(ds1302_sec_add,0x80);       //暂停 
 129   1        //Ds1302_Write_Byte(ds1302_charger_add,0xa9);     //涓流充电 
 130   1        Ds1302_Write_Byte(ds1302_year_add,time_buf[1]);   //年 
 131   1        Ds1302_Write_Byte(ds1302_month_add,time_buf[2]);  //月 
 132   1        Ds1302_Write_Byte(ds1302_date_add,time_buf[3]);   //日 
 133   1        Ds1302_Write_Byte(ds1302_day_add,time_buf[7]);    //周 
 134   1        Ds1302_Write_Byte(ds1302_hr_add,time_buf[4]);   //时 
 135   1        Ds1302_Write_Byte(ds1302_min_add,time_buf[5]);    //分
 136   1        Ds1302_Write_Byte(ds1302_sec_add,time_buf[6]);    //秒
 137   1        Ds1302_Write_Byte(ds1302_day_add,time_buf[7]);    //周 
 138   1        Ds1302_Write_Byte(ds1302_control_add,0x80);     //打开写保护 
 139   1      }
 140          
 141          /*------------------------------------------------
 142                     从DS1302读出时钟数据
 143          ------------------------------------------------*/
 144          void Ds1302_Read_Time(void)  
 145          { 
 146   1              unsigned char i,tmp;
 147   1        time_buf[1]=Ds1302_Read_Byte(ds1302_year_add);    //年 
 148   1        time_buf[2]=Ds1302_Read_Byte(ds1302_month_add);   //月 
 149   1        time_buf[3]=Ds1302_Read_Byte(ds1302_date_add);    //日 
 150   1        time_buf[4]=Ds1302_Read_Byte(ds1302_hr_add);    //时 
 151   1        time_buf[5]=Ds1302_Read_Byte(ds1302_min_add);   //分 
 152   1        time_buf[6]=(Ds1302_Read_Byte(ds1302_sec_add))&0x7F;//秒 
 153   1        time_buf[7]=Ds1302_Read_Byte(ds1302_day_add);   //周 
 154   1      
 155   1      
 156   1        for(i=0;i<8;i++)
 157   1           {           //BCD处理
 158   2          tmp=time_buf[i]/16;
 159   2          time_buf1[i]=time_buf[i]%16;
 160   2          time_buf1[i]=time_buf1[i]+tmp*10;
 161   2           }
 162   1      }
 163          
 164          /*------------------------------------------------
 165                          DS1302初始化
 166          ------------------------------------------------*/
 167          void Ds1302_Init(void)
 168          {
 169   1        
 170   1         RST_CLR;     //RST脚置低
 171   1         SCK_CLR;     //SCK脚置低
 172   1        Ds1302_Write_Byte(ds1302_sec_add,0x00); 
 173   1        Ds1302_Write_Byte(ds1302_min_add,0x00); 
 174   1        Ds1302_Write_Byte(ds1302_hr_add,0x00);  
 175   1        Ds1302_Write_Byte(ds1302_date_add ,0x00); 
 176   1        Ds1302_Write_Byte(ds1302_month_add,0x00); 
C51 COMPILER V9.54   DS1302                                                                09/12/2020 11:24:27 PAGE 4   

 177   1        Ds1302_Write_Byte(ds1302_day_add,0x00); 
 178   1        Ds1302_Write_Byte(ds1302_year_add,0x00);  
 179   1           
 180   1      }


MODULE INFORMATION:   STATIC OVERLAYABLE
   CODE SIZE        =    441    ----
   CONSTANT SIZE    =   ----    ----
   XDATA SIZE       =     16    ----
   PDATA SIZE       =   ----    ----
   DATA SIZE        =   ----    ----
   IDATA SIZE       =   ----    ----
   BIT SIZE         =   ----    ----
END OF MODULE INFORMATION.


C51 COMPILATION COMPLETE.  0 WARNING(S),  0 ERROR(S)
