C51 COMPILER V9.54   LCD12864                                                              09/12/2020 11:24:29 PAGE 1   


C51 COMPILER V9.54, COMPILATION OF MODULE LCD12864
OBJECT MODULE PLACED IN lcd12864.obj
COMPILER INVOKED BY: D:\keil5\C51\BIN\C51.EXE hardware\display_lcd12864\lcd12864.c LARGE OPTIMIZE(8,SPEED) BROWSE INCDIR
                    -(.\hardware\motor;.\system\delay;.\hardware\temperature;.\hardware\lumination;.\hardware\usart;.\hardware\display_lcd128
                    -64;.\hardware\display_lcd1602;.\system\control;.\system\iic;.\system\timer;.\hardware\clock;.\hardware\csb) DEBUG OBJECT
                    -EXTEND PRINT(.\lcd12864.lst) TABS(2) OBJECT(lcd12864.obj)

line level    source

   1          /*************************
   2          版本1.0
   3          仅实现显示字符的功能
   4          *************************/
   5          
   6          
   7          //#include "lcd12864.h"
   8          //#include <reg52.h>
   9          //#include <intrins.h>
  10          #include "main.h"
  11          
  12          //uchar code dis1[] = {"室内温度"};
  13          //uchar code dis2[] = {"00"};
  14          //uchar code dis3[] = {"室外光强"};
  15          //uchar code dis4[] = {"00"};
  16          
  17          //12864 IO端口定义
  18          //#define LCD_data  P0             //数据口
  19          //sbit LCD_RS  =  P3^5;            //寄存器选择输入 
  20          //sbit LCD_RW  =  P3^6;            //液晶读/写控制
  21          //sbit LCD_EN  =  P3^4;            //液晶使能控制
  22          //sbit LCD_PSB =  P3^7;            //串/并方式控制
  23          //sbit wela    =  P2^6;
  24          //sbit dula    =  P2^7;
  25          
  26          void delay3(int ms)
  27          {
  28   1          while(ms--)
  29   1        {
  30   2            uchar i;
  31   2          for(i=0;i<250;i++)  
  32   2           {
  33   3            _nop_();         
  34   3          _nop_();
  35   3          _nop_();
  36   3          _nop_();
  37   3           }
  38   2        }
  39   1      } 
  40          
  41          
  42          bit lcd_busy()
  43           { 
  44   1                                 
  45   1          bit result;
  46   1          P0=0X00;              //关掉数码管的信号。阻止数码管受到P0口信号的影响
  47   1          LCD_RS = 0;
  48   1          LCD_RW = 1;
  49   1          LCD_EN = 1;
  50   1          delayNOP();
  51   1          result = (bit)(P0&0x80);
  52   1          LCD_EN = 0;
C51 COMPILER V9.54   LCD12864                                                              09/12/2020 11:24:29 PAGE 2   

  53   1          return(result); 
  54   1       }
  55           
  56           
  57           
  58           
  59           
  60          void lcd_wcmd(uchar cmd)
  61          {   
  62   1                               
  63   1         while(lcd_busy());
  64   1          LCD_RS = 0;
  65   1          LCD_RW = 0;
  66   1          LCD_EN = 0;
  67   1          _nop_();
  68   1          _nop_(); 
  69   1          P0 = cmd;
  70   1          delayNOP();
  71   1          LCD_EN = 1;
  72   1          delayNOP();
  73   1          LCD_EN = 0;  
  74   1      }
  75           
  76           
  77           
  78          void lcd_wdat(uchar dat)
  79          {                          
  80   1         while(lcd_busy());
  81   1          LCD_RS = 1;
  82   1          LCD_RW = 0;
  83   1          LCD_EN = 0;
  84   1          P0 = dat;
  85   1          delayNOP();
  86   1          LCD_EN = 1;
  87   1          delayNOP();
  88   1          LCD_EN = 0; 
  89   1      }
  90          
  91          
  92          void lcd_init()
  93          { 
  94   1      
  95   1          LCD_PSB = 1;         //并口方式
  96   1          
  97   1          lcd_wcmd(0x34);      //扩充指令操作
  98   1          delay3(5);
  99   1          lcd_wcmd(0x30);      //基本指令操作
 100   1          delay3(5);
 101   1          lcd_wcmd(0x0C);      //显示开，关光标
 102   1          delay3(5);
 103   1          lcd_wcmd(0x01);      //清除LCD的显示内容
 104   1          delay3(5);
 105   1      }
 106           
 107           
 108          void delay0(uchar x)    //x*0.14MS
 109          {
 110   1        uchar i;
 111   1        while(x--)
 112   1       {
 113   2        for (i = 0; i<13; i++) {}
 114   2       }
C51 COMPILER V9.54   LCD12864                                                              09/12/2020 11:24:29 PAGE 3   

 115   1      }
 116           
 117           
 118          void lcd_pos(uchar X,uchar Y)
 119          {                          
 120   1         uchar  pos;
 121   1         if (X==0)
 122   1           {X=0x80;}
 123   1         else if (X==1)
 124   1           {X=0x90;}
 125   1         else if (X==2)
 126   1           {X=0x88;}
 127   1         else if (X==3)
 128   1           {X=0x98;}
 129   1         pos = X+Y ;  
 130   1         lcd_wcmd(pos);     //显示地址
 131   1      }
 132           
 133           
 134          //void lcd_drive()
 135          //{
 136          //   uchar i;
 137          //   delay3(10);                 //延时
 138          //   wela=0;
 139          //   dula=0; 
 140          //   lcd_init();                //初始化LCD             
 141          //  
 142          //    lcd_pos(0,0);             //设置显示位置为第一行的第1个字符
 143          //     i = 0;
 144          //    while(dis1[i] != '\0')
 145          //     {                         //显示字符
 146          //       lcd_wdat(dis1[i]);
 147          //       i++;
 148          //     }
 149          //    lcd_pos(1,0);             //设置显示位置为第二行的第1个字符
 150          //     i = 0;
 151          //    while(dis2[i] != '\0')
 152          //     {
 153          //       lcd_wdat(dis2[i]);      //显示字符
 154          //       i++;
 155          //     }
 156          //   lcd_pos(2,0);             //设置显示位置为第三行的第1个字符
 157          //     i = 0;
 158          //    while(dis3[i] != '\0')
 159          //     {
 160          //       lcd_wdat(dis3[i]);      //显示字符
 161          //       i++;
 162          //     }
 163          //   lcd_pos(3,0);             //设置显示位置为第四行的第1个字符
 164          //     i = 0;
 165          //    while(dis4[i] != '\0')
 166          //     {
 167          //       lcd_wdat(dis4[i]);      //显示字符
 168          //       i++;
 169          //     };
 170          //}


MODULE INFORMATION:   STATIC OVERLAYABLE
   CODE SIZE        =    206    ----
   CONSTANT SIZE    =   ----    ----
   XDATA SIZE       =   ----       1
C51 COMPILER V9.54   LCD12864                                                              09/12/2020 11:24:29 PAGE 4   

   PDATA SIZE       =   ----    ----
   DATA SIZE        =   ----    ----
   IDATA SIZE       =   ----    ----
   BIT SIZE         =   ----       1
END OF MODULE INFORMATION.


C51 COMPILATION COMPLETE.  0 WARNING(S),  0 ERROR(S)
