C51 COMPILER V9.54   CONTROL                                                               09/09/2020 11:21:33 PAGE 1   


C51 COMPILER V9.54, COMPILATION OF MODULE CONTROL
OBJECT MODULE PLACED IN control.obj
COMPILER INVOKED BY: D:\keil5\C51\BIN\C51.EXE system\control\control.c OPTIMIZE(8,SPEED) BROWSE INCDIR(.\hardware\motor;
                    -.\system\delay;.\hardware\temperature;.\hardware\lumination;.\hardware\usart;.\hardware\display_lcd12864;.\hardware\disp
                    -lay_lcd1602;.\system\control;.\system\iic;.\system\timer;.\hardware\clock) DEBUG OBJECTEXTEND PRINT(.\control.lst) TABS(
                    -2) OBJECT(control.obj)

line level    source

   1          //#include "main.h"
   2          //#include "control.h"
   3          
   4          //void sys_init()
   5          //{
   6          //  Ds1302_Init();
   7          //  Ds1302_Write_Time();
   8          //  UsartInit();
   9          //  lcd_system_reset(); /*LCD1602 ≥ı ºªØ*/
  10          //}
  11          
  12          
  13          
  14          
  15          
  16          
  17          


MODULE INFORMATION:   STATIC OVERLAYABLE
   CODE SIZE        =   ----    ----
   CONSTANT SIZE    =   ----    ----
   XDATA SIZE       =   ----    ----
   PDATA SIZE       =   ----    ----
   DATA SIZE        =   ----    ----
   IDATA SIZE       =   ----    ----
   BIT SIZE         =   ----    ----
END OF MODULE INFORMATION.


C51 COMPILATION COMPLETE.  0 WARNING(S),  0 ERROR(S)
