C51 COMPILER V9.54   MAIN                                                                  09/09/2020 20:10:08 PAGE 1   


C51 COMPILER V9.54, COMPILATION OF MODULE MAIN
OBJECT MODULE PLACED IN main.OBJ
COMPILER INVOKED BY: D:\keil5\C51\BIN\C51.EXE main.c OPTIMIZE(8,SPEED) BROWSE INCDIR(.\hardware\motor;.\system\delay;.\h
                    -ardware\temperature;.\hardware\lumination;.\hardware\usart;.\hardware\display_lcd12864;.\hardware\display_lcd1602;.\syst
                    -em\control;.\system\iic;.\system\timer;.\hardware\clock) DEBUG OBJECTEXTEND TABS(2)

line level    source

   1          //#include <reg52.h>
   2          //#include <intrins.h>
   3          #include "main.h"
   4          //unsigned char time_buf[8] = {20,20,9,8,12,55,0,6};//空年月日时分秒周
   5          //uchar data time_data_buff[]={0x00,0x00,0x09,0x01,0x01,0x03,0x14};/*格式为: 秒 分 时 日 月 星期 年 */
   6          
   7          uchar data lcd_line1[]={" 2000/00/00 000 "};
   8          uchar data lcd_line2[]={"  00:00:00 00.0C"};
   9          uchar data lcd_line3[]={"光强:0-255  000 "};
  10          uchar data lcd_line4[]={"模式:0          "};
  11          uchar code Weeks[][3]={{"SUN"},{"MON"},{"TUE"},{"WED"},{"THU"},{"FRI"},{"SAT"},{"SUN"}};
  12          uchar code mun_to_char[] = {"0123456789ABCDEF"}; /*定义数字跟ASCII码的关系*/
  13          
  14          
  15          
  16          uchar i=0;
  17          uint temp=0; //温度值
  18          uint temp1=0;//光强
  19          uint timeH=0; //小时
  20          
  21          void main(void){
  22   1      //   wela=0;
  23   1      //  dula=0; 
  24   1      sys_init();
  25   1      lcd_data_port = 0xff; /*释放P0端口*/  
  26   1      //  lcd_pos(0,0);             //设置显示位置为第一行的第1个字符
  27   1      //     i = 0;
  28   1      
  29   1      
  30   1      while(1){
  31   2      Ds1302_Read_Time();
  32   2      temp=ReadTemperature();
  33   2      temp1=255-ReadADC(1);//值取差值，用于显示光强越小，数值越小
  34   2        
  35   2      //--------------
  36   2      RST= 1;  //  display前必须加
  37   2      display();
  38   2      //--------------
  39   2      //  
  40   2       }
  41   1      }
  42          
  43          void motor_control()
  44          {
  45   1        if(MODE)//自动控制模式
  46   1        {
  47   2          timeH=(time_buf[4]/0x10)*10+(time_buf[4]%0x10);
  48   2          if((timeH>=0&&timeH<6)||(timeH<=23&&timeH>20)||(timeH<=16&&timeH>13))  //21-6点  13-16点
  49   2            {       
  50   3            if(temp1>170&&temp>300)
  51   3            {
  52   4              if(MotorState=1) //如果是打开状态，关上
*** WARNING C276 IN LINE 52 OF main.c: constant in condition expression
C51 COMPILER V9.54   MAIN                                                                  09/09/2020 20:10:08 PAGE 2   

  53   4              {
  54   5                Motor_B();
  55   5              }
  56   4            }
  57   3          }
  58   2          else
  59   2            {
  60   3              if(temp1<170&&temp<300)
  61   3            {
  62   4              if(MotorState=0) //如果是关上状态，打开
*** WARNING C276 IN LINE 62 OF main.c: constant in condition expression
  63   4              {
  64   5                Motor_F();
  65   5              }
  66   4            }
  67   3          
  68   3          }
  69   2        }
  70   1        else  // 手动按键或蓝牙
  71   1        {
  72   2          
  73   2        
  74   2        }
  75   1      }
  76          
  77          
  78          void sys_init()
  79          {
  80   1         lcd_init();    /*LCD12864 初始化*/ 
  81   1         Ds1302_Init();
  82   1         Ds1302_Write_Time();//time_buf1[8]
  83   1         UsartInit();
  84   1        //lcd_system_reset(); /*LCD1602 初始化*/
  85   1        MODE=0; //初始化mode 
  86   1        MotorFlag=0;  
  87   1        MotorState=0; //0： 拉上状态   1：打开状态
  88   1      
  89   1      }
  90          
  91          
  92          
  93          void display(void)
  94          {
  95   1        /*刷新显示*/
  96   1          //---时间---
  97   1          lcd_line1[3]  = mun_to_char[time_buf[1]/0x10];
  98   1          lcd_line1[4]  = mun_to_char[time_buf[1]%0x10];  /*年*/
  99   1          lcd_line1[6]  = mun_to_char[time_buf[2]/0x10];
 100   1          lcd_line1[7]  = mun_to_char[time_buf[2]%0x10];  /*月*/
 101   1          lcd_line1[9]  = mun_to_char[time_buf[3]/0x10];
 102   1          lcd_line1[10] = mun_to_char[time_buf[3]%0x10];  /*日*/
 103   1          for(i=0;i<3;i++) lcd_line1[i+12]=Weeks[time_buf[7]][i]; /*星期*/
 104   1          lcd_line2[2]  = mun_to_char[time_buf[4]/0x10];
 105   1          lcd_line2[3]  = mun_to_char[time_buf[4]%0x10]; /*时*/
 106   1          lcd_line2[5]  = mun_to_char[time_buf[5]/0x10];
 107   1          lcd_line2[6]  = mun_to_char[time_buf[5]%0x10]; /*分*/
 108   1          lcd_line2[8]  = mun_to_char[time_buf[6]/0x10];
 109   1          lcd_line2[9]  = mun_to_char[time_buf[6]%0x10]; /*秒*/
 110   1      //   //--温度--
 111   1          lcd_line2[11] = mun_to_char[temp/100];
 112   1          lcd_line2[12] = mun_to_char[temp%100/10];
 113   1          lcd_line2[14] = mun_to_char[temp%10];  /*温度*/
C51 COMPILER V9.54   MAIN                                                                  09/09/2020 20:10:08 PAGE 3   

 114   1          //------
 115   1          //--光强--
 116   1          lcd_line3[12] = mun_to_char[temp1/100];
 117   1          lcd_line3[13] = mun_to_char[temp1%100/10];
 118   1          lcd_line3[14] = mun_to_char[(temp1%100)%10];  /*光强*/
 119   1          //------
 120   1          //--模式--
 121   1          lcd_line3[5] = mun_to_char[MODE];
 122   1          //------
 123   1      //    /*l602显示*/
 124   1      //    for(i=0;i<16;i++) lcd_char_write(i,0,lcd_line1[i]);
 125   1      //      for(i=0;i<16;i++) lcd_char_write(i,1,lcd_line2[i]);
 126   1          /*l2864显示*/
 127   1          lcd_pos(0,0);
 128   1          for(i=0;i<16;i++) lcd_wdat(lcd_line1[i]);
 129   1          lcd_pos(1,0);
 130   1            for(i=0;i<16;i++) lcd_wdat(lcd_line2[i]);
 131   1          lcd_pos(2,0);
 132   1          for(i=0;i<16;i++) lcd_wdat(lcd_line3[i]);
 133   1          lcd_pos(3,0);
 134   1          for(i=0;i<16;i++) lcd_wdat(lcd_line4[i]);
 135   1          
 136   1          
 137   1      
 138   1      //    lcd_pos(0,0);             //设置显示位置为第一行的第1个字符
 139   1      //     i = 0;
 140   1      //    while(lcd_line1[i] != '\0')
 141   1      //     {                         //显示字符
 142   1      //       lcd_wdat(lcd_line1[i]);
 143   1      //       i++;
 144   1      //     }
 145   1      //    lcd_pos(1,0);             //设置显示位置为第二行的第1个字符
 146   1      //     i = 0;
 147   1      //    while(lcd_line2[i] != '\0')
 148   1      //     {
 149   1      //       lcd_wdat(lcd_line2[i]);      //显示字符
 150   1      //       i++;
 151   1      //     }
 152   1      //   lcd_pos(2,0);             //设置显示位置为第三行的第1个字符
 153   1      //     i = 0;
 154   1      //    while(lcd_line3[i] != '\0')
 155   1      //     {
 156   1      //       lcd_wdat(lcd_line3[i]);      //显示字符
 157   1      //       i++;
 158   1      //     }
 159   1      }
*** WARNING C294 IN LINE 64 OF main.c: unreachable code


MODULE INFORMATION:   STATIC OVERLAYABLE
   CODE SIZE        =    658    ----
   CONSTANT SIZE    =     41    ----
   XDATA SIZE       =   ----    ----
   PDATA SIZE       =   ----    ----
   DATA SIZE        =     75    ----
   IDATA SIZE       =   ----    ----
   BIT SIZE         =   ----    ----
END OF MODULE INFORMATION.


C51 COMPILATION COMPLETE.  3 WARNING(S),  0 ERROR(S)
